
example.json read!

/usr/local/genome/databases/TCDB/TCDB_ID_list read!

Deleting old fasta directories

Separating sequences od multifasta and create directory

Reading sequences

locus_tag	-	Bact_44

locus_tag	-	Bact_43

locus_tag	-	Bact_42

locus_tag	-	Bact_40

locus_tag	-	Bact_36

locus_tag	-	Bact_35

locus_tag	-	Bact_34

locus_tag	-	Bact_33

locus_tag	-	Bact_32

locus_tag	-	Bact_27

locus_tag	-	Bact_26

locus_tag	-	Bact_25

locus_tag	-	Bact_24

locus_tag	-	Bact_23

locus_tag	-	Bact_22

locus_tag	-	Bact_21

locus_tag	-	Bact_20

locus_tag	-	Bact_19

locus_tag	-	Bact_18

locus_tag	-	Bact_17

locus_tag	-	Bact_16

locus_tag	-	Bact_15

locus_tag	-	Bact_14

locus_tag	-	Bact_13

locus_tag	-	Bact_12

locus_tag	-	Bact_11

locus_tag	-	Bact_10

locus_tag	-	Bact_09

locus_tag	-	Bact_08

locus_tag	-	Bact_07

locus_tag	-	Bact_06

locus_tag	-	Bact_05

locus_tag	-	Bact_04

locus_tag	-	Bact_02

locus_tag	-	Bact_01

Creating project...

Creating view

Editing view

Creating SQL file	script.sql

Creating database file	/home/wendelhlc/git/report_html_db/report_html_db/HTML_DIR/database.db

Creating models

Creating controllers...
Copying files assets

Creating html views

Criando diretorio help

Criando arquivo index.tt

Criando arquivo _content.tt

Criando diretorio search-database

Criando arquivo _forms.tt

Criando arquivo index.tt

Criando arquivo result.tt

Criando diretorio blast

Criando arquivo index.tt

Criando arquivo _forms.tt

Criando diretorio home

Criando arquivo _panelInformation.tt

Criando arquivo index.tt

Criando diretorio about

Criando arquivo _content.tt

Criando arquivo index.tt

Criando diretorio shared

Criando arquivo _menu.tt

Criando arquivo _header.tt

Criando arquivo _footer.tt

Criando arquivo _head.tt

Criando diretorio downloads

Criando arquivo _content.tt

Criando arquivo index.tt

Creating wrapper

Editing root file
Done
Turn on the server with this command:
./HTML_DIR/script/html_dir_server.pl -r
http://localhost:3000
